[35m[Appium][39m Welcome to Appium v1.22.3
[35m[Appium][39m Non-default server args:
[35m[Appium][39m   port: 51095
[35m[Appium][39m   loglevel: info
[35m[Appium][39m   tmpDir: C:\Users\095057\AppData\Local\Temp\\Katalon\Appium\Temp1657008701089
[35m[Appium][39m   chromedriverPort: 51097
[35m[Appium][39m Deprecated server args:
[35m[Appium][39m   [31m--chromedriver-port[39m => --default-capabilities
[35m[Appium][39m Default capabilities, which will be added to each request unless overridden by desired capabilities:
[35m[Appium][39m   chromedriverPort: 51097
[35m[Appium][39m Appium REST http interface listener started on 0.0.0.0:51095
[35m[HTTP][39m [37m-->[39m [37mGET[39m [37m/wd/hub/status[39m
[35m[HTTP][39m [90m{}[39m
[35m[HTTP][39m [37m<-- GET /wd/hub/status [39m[32m200[39m [90m11 ms - 68[39m
[35m[HTTP][39m [90m[39m
[35m[HTTP][39m [37m-->[39m [37mGET[39m [37m/wd/hub/status[39m
[35m[HTTP][39m [90m{}[39m
[35m[HTTP][39m [37m<-- GET /wd/hub/status [39m[32m200[39m [90m3 ms - 68[39m
[35m[HTTP][39m [90m[39m
[35m[HTTP][39m [37m-->[39m [37mPOST[39m [37m/wd/hub/session[39m
[35m[HTTP][39m [90m{"desiredCapabilities":{"app":"C:\\Users\\095057\\Documents\\File HP\\APIDemos.apk","noReset":true,"deviceName":" Google (Android 7.1.1)","fullReset":false,"platform":"ANDROID","newCommandTimeout":1800,"platformVersion":"7.1.1","automationName":"uiautomator2","autoGrantPermissions":true,"platformName":"Android","udid":"192.168.197.101:5555","systemPort":51130},"capabilities":{"firstMatch":[{"appium:app":"C:\\Users\\095057\\Documents\\File HP\\APIDemos.apk","appium:autoGrantPermissions":true,"appium:automationName":"uiautomator2","appium:deviceName":" Google (Android 7.1.1)","appium:fullReset":false,"appium:newCommandTimeout":1800,"appium:noReset":true,"platform":"ANDROID","platformName":"android","appium:platformVersion":"7.1.1","appium:systemPort":51130,"appium:udid":"192.168.197.101:5555"}]}}[39m
[35m[BaseDriver][39m The following capabilities are not standard capabilities and should have an extension prefix:
[35m[BaseDriver][39m   platform
[35m[BaseDriver][39m   chromedriverPort
[35m[Appium][39m Appium v1.22.3 creating new AndroidUiautomator2Driver (v1.70.1) session
[35m[BaseDriver][39m The following capabilities were provided, but are not recognized by Appium:
[35m[BaseDriver][39m   platform
[35m[BaseDriver][39m Session created with session id: cace6832-12e2-4bab-a95f-b998eab3b4e2
[35m[BaseDriver][39m Using local app 'C:\Users\095057\Documents\File HP\APIDemos.apk'
[35m[ADB][39m Found 1 'build-tools' folders under 'C:\Users\095057\.katalon\tools\android_sdk' (newest first):
[35m[ADB][39m     C:/Users/095057/.katalon/tools/android_sdk/build-tools/29.0.3
[35m[ADB][39m Using 'adb.exe' from 'C:\Users\095057\.katalon\tools\android_sdk\platform-tools\adb.exe'
[35m[AndroidDriver][39m Retrieving device list
[35m[AndroidDriver][39m Using device: 192.168.197.101:5555
[35m[ADB][39m Using 'adb.exe' from 'C:\Users\095057\.katalon\tools\android_sdk\platform-tools\adb.exe'
[35m[ADB][39m Package name: 'com.hmh.api'
[35m[ADB][39m Main activity name: 'com.hmh.api.ApiDemos'
[35m[ADB][39m The application at 'C:\Users\095057\AppData\Roaming\npm\node_modules\appium\node_modules\io.appium.settings\apks\settings_apk-debug.apk' will not be cached, because the device under test has confirmed the support of streamed installs
[35m[ADB][39m The installation of 'settings_apk-debug.apk' took 744ms
[35m[ADB][39m Using 'apksigner.jar' from 'C:\Users\095057\.katalon\tools\android_sdk\build-tools\29.0.3\lib\apksigner.jar'
[35m[ADB][39m 'C:\Users\095057\AppData\Roaming\npm\node_modules\appium\node_modules\appium-uiautomator2-server\apks\appium-uiautomator2-server-v4.27.0.apk' is signed with the default certificate
[35m[ADB][39m 'C:\Users\095057\AppData\Roaming\npm\node_modules\appium\node_modules\appium-uiautomator2-server\apks\appium-uiautomator2-server-debug-androidTest.apk' is signed with the default certificate
[35m[UiAutomator2][39m Server packages are going to be (re)installed
[35m[ADB][39m The application at 'C:\Users\095057\AppData\Roaming\npm\node_modules\appium\node_modules\appium-uiautomator2-server\apks\appium-uiautomator2-server-v4.27.0.apk' will not be cached, because the device under test has confirmed the support of streamed installs
[35m[ADB][39m The installation of 'appium-uiautomator2-server-v4.27.0.apk' took 2143ms
[35m[ADB][39m The application at 'C:\Users\095057\AppData\Roaming\npm\node_modules\appium\node_modules\appium-uiautomator2-server\apks\appium-uiautomator2-server-debug-androidTest.apk' will not be cached, because the device under test has confirmed the support of streamed installs
[35m[ADB][39m The installation of 'appium-uiautomator2-server-debug-androidTest.apk' took 470ms
[35m[ADB][39m Adding packages ["io.appium.settings","io.appium.uiautomator2.server","io.appium.uiautomator2.server.test"] to Doze whitelist
[35m[ADB][39m 'C:\Users\095057\Documents\File HP\APIDemos.apk' is signed with the default certificate
[35m[ADB][39m The application at 'C:\Users\095057\Documents\File HP\APIDemos.apk' will not be cached, because the device under test has confirmed the support of streamed installs
[35m[ADB][39m The installation of 'APIDemos.apk' took 690ms
[35m[UiAutomator2][39m Starting UIAutomator2 server 4.27.0
[35m[UiAutomator2][39m Using UIAutomator2 server from 'C:\Users\095057\AppData\Roaming\npm\node_modules\appium\node_modules\appium-uiautomator2-server\apks\appium-uiautomator2-server-v4.27.0.apk' and test from 'C:\Users\095057\AppData\Roaming\npm\node_modules\appium\node_modules\appium-uiautomator2-server\apks\appium-uiautomator2-server-debug-androidTest.apk'
[35m[UiAutomator2][39m Waiting up to 30000ms for UiAutomator2 to be online...
[35m[WD Proxy][39m socket hang up
[35m[WD Proxy][39m socket hang up
[35m[WD Proxy][39m Determined the downstream protocol as 'W3C'
[35m[AndroidDriver][39m Screen already unlocked, doing nothing
[35m[UiAutomator2][39m Starting 'com.hmh.api/com.hmh.api.ApiDemos and waiting for 'com.hmh.api/com.hmh.api.ApiDemos'
[35m[Appium][39m New AndroidUiautomator2Driver session created successfully, session cace6832-12e2-4bab-a95f-b998eab3b4e2 added to master session list
[35m[HTTP][39m [37m<-- POST /wd/hub/session [39m[32m200[39m [90m16093 ms - 1283[39m
[35m[HTTP][39m [90m[39m
[35m[HTTP][39m [37m-->[39m [37mGET[39m [37m/wd/hub/session/cace6832-12e2-4bab-a95f-b998eab3b4e2[39m
[35m[HTTP][39m [90m{}[39m
[35m[HTTP][39m [37m<-- GET /wd/hub/session/cace6832-12e2-4bab-a95f-b998eab3b4e2 [39m[32m200[39m [90m12 ms - 1237[39m
[35m[HTTP][39m [90m[39m
[35m[HTTP][39m [37m-->[39m [37mGET[39m [37m/wd/hub/session/cace6832-12e2-4bab-a95f-b998eab3b4e2[39m
[35m[HTTP][39m [90m{}[39m
[35m[HTTP][39m [37m<-- GET /wd/hub/session/cace6832-12e2-4bab-a95f-b998eab3b4e2 [39m[32m200[39m [90m12 ms - 1237[39m
[35m[HTTP][39m [90m[39m
[35m[HTTP][39m [37m-->[39m [37mGET[39m [37m/wd/hub/status[39m
[35m[HTTP][39m [90m{}[39m
[35m[HTTP][39m [37m<-- GET /wd/hub/status [39m[32m200[39m [90m2 ms - 68[39m
[35m[HTTP][39m [90m[39m
[35m[HTTP][39m [37m-->[39m [37mPOST[39m [37m/wd/hub/session/cace6832-12e2-4bab-a95f-b998eab3b4e2/timeouts[39m
[35m[HTTP][39m [90m{"implicit":60000}[39m
[35m[HTTP][39m [37m<-- POST /wd/hub/session/cace6832-12e2-4bab-a95f-b998eab3b4e2/timeouts [39m[32m200[39m [90m5 ms - 14[39m
[35m[HTTP][39m [90m[39m
[35m[HTTP][39m [37m-->[39m [37mGET[39m [37m/wd/hub/session/cace6832-12e2-4bab-a95f-b998eab3b4e2/source[39m
[35m[HTTP][39m [90m{}[39m
[35m[W3C (cace6832)][39m Driver proxy active, passing request on via HTTP proxy
[35m[WD Proxy][39m Replacing sessionId 6f73f102-7e42-4465-b081-c6706ed7b8a4 with cace6832-12e2-4bab-a95f-b998eab3b4e2
[35m[HTTP][39m [37m<-- GET /wd/hub/session/cace6832-12e2-4bab-a95f-b998eab3b4e2/source [39m[32m200[39m [90m751 ms - 8467[39m
[35m[HTTP][39m [90m[39m
[35m[HTTP][39m [37m-->[39m [37mGET[39m [37m/wd/hub/session/cace6832-12e2-4bab-a95f-b998eab3b4e2/screenshot[39m
[35m[HTTP][39m [90m{}[39m
[35m[HTTP][39m [37m<-- GET /wd/hub/session/cace6832-12e2-4bab-a95f-b998eab3b4e2/screenshot [39m[32m200[39m [90m496 ms - 97886[39m
[35m[HTTP][39m [90m[39m
[35m[BaseDriver][39m Shutting down because we waited 1800 seconds for a command
[35m[Appium][39m Closing session, cause was 'New Command Timeout of 1800 seconds expired. Try customizing the timeout using the 'newCommandTimeout' desired capability'
[35m[Appium][39m Removing session 'cace6832-12e2-4bab-a95f-b998eab3b4e2' from our master session list
[35m[HTTP][39m [37m-->[39m [37mDELETE[39m [37m/wd/hub/session/cace6832-12e2-4bab-a95f-b998eab3b4e2[39m
[35m[HTTP][39m [90m{}[39m
[35m[HTTP][39m [37m<-- DELETE /wd/hub/session/cace6832-12e2-4bab-a95f-b998eab3b4e2 [39m[33m404[39m [90m36 ms - 2412[39m
[35m[HTTP][39m [90m[39m
